<?xml version="1.0" encoding="UTF-8"?>
<coverage generated="1701183388636" clover="3.2.0">
  <project timestamp="1701183388636" name="All files">
    <metrics statements="105" coveredstatements="105" conditionals="18" coveredconditionals="18" methods="10" coveredmethods="10" elements="133" coveredelements="133" complexity="0" loc="105" ncloc="105" packages="1" files="1" classes="1"/>
    <file name="App.tsx" path="/home/pedro/Documentos/patterns/todo-tdd/src/App.tsx">
      <metrics statements="105" coveredstatements="105" conditionals="18" coveredconditionals="18" methods="10" coveredmethods="10"/>
      <line num="1" count="1" type="stmt"/>
      <line num="2" count="1" type="stmt"/>
      <line num="3" count="32" type="cond" truecount="1" falsecount="0"/>
      <line num="4" count="32" type="stmt"/>
      <line num="5" count="32" type="stmt"/>
      <line num="6" count="32" type="stmt"/>
      <line num="7" count="32" type="stmt"/>
      <line num="8" count="32" type="stmt"/>
      <line num="9" count="32" type="stmt"/>
      <line num="10" count="32" type="stmt"/>
      <line num="11" count="32" type="stmt"/>
      <line num="12" count="32" type="cond" truecount="1" falsecount="0"/>
      <line num="13" count="7" type="stmt"/>
      <line num="14" count="7" type="stmt"/>
      <line num="15" count="7" type="cond" truecount="1" falsecount="0"/>
      <line num="16" count="1" type="stmt"/>
      <line num="17" count="1" type="stmt"/>
      <line num="18" count="1" type="cond" truecount="1" falsecount="0"/>
      <line num="19" count="6" type="stmt"/>
      <line num="20" count="6" type="stmt"/>
      <line num="21" count="6" type="stmt"/>
      <line num="22" count="6" type="stmt"/>
      <line num="23" count="7" type="stmt"/>
      <line num="24" count="32" type="stmt"/>
      <line num="25" count="32" type="cond" truecount="1" falsecount="0"/>
      <line num="26" count="1" type="cond" truecount="1" falsecount="0"/>
      <line num="27" count="1" type="stmt"/>
      <line num="28" count="1" type="stmt"/>
      <line num="29" count="32" type="stmt"/>
      <line num="30" count="32" type="cond" truecount="1" falsecount="0"/>
      <line num="31" count="3" type="stmt"/>
      <line num="32" count="3" type="stmt"/>
      <line num="33" count="3" type="stmt"/>
      <line num="34" count="3" type="stmt"/>
      <line num="35" count="32" type="stmt"/>
      <line num="36" count="32" type="cond" truecount="1" falsecount="0"/>
      <line num="37" count="2" type="stmt"/>
      <line num="38" count="2" type="cond" truecount="1" falsecount="0"/>
      <line num="39" count="1" type="stmt"/>
      <line num="40" count="1" type="stmt"/>
      <line num="41" count="1" type="stmt"/>
      <line num="42" count="1" type="stmt"/>
      <line num="43" count="1" type="stmt"/>
      <line num="44" count="1" type="stmt"/>
      <line num="45" count="1" type="stmt"/>
      <line num="46" count="1" type="stmt"/>
      <line num="47" count="2" type="stmt"/>
      <line num="48" count="32" type="stmt"/>
      <line num="49" count="32" type="stmt"/>
      <line num="50" count="32" type="stmt"/>
      <line num="51" count="32" type="stmt"/>
      <line num="52" count="32" type="stmt"/>
      <line num="53" count="32" type="stmt"/>
      <line num="54" count="32" type="stmt"/>
      <line num="55" count="32" type="stmt"/>
      <line num="56" count="32" type="stmt"/>
      <line num="57" count="32" type="stmt"/>
      <line num="58" count="32" type="stmt"/>
      <line num="59" count="32" type="stmt"/>
      <line num="60" count="32" type="cond" truecount="1" falsecount="0"/>
      <line num="61" count="32" type="stmt"/>
      <line num="62" count="32" type="stmt"/>
      <line num="63" count="32" type="stmt"/>
      <line num="64" count="32" type="cond" truecount="1" falsecount="0"/>
      <line num="65" count="2" type="stmt"/>
      <line num="66" count="2" type="stmt"/>
      <line num="67" count="2" type="stmt"/>
      <line num="68" count="32" type="stmt"/>
      <line num="69" count="32" type="stmt"/>
      <line num="70" count="32" type="stmt"/>
      <line num="71" count="32" type="stmt"/>
      <line num="72" count="32" type="cond" truecount="1" falsecount="0"/>
      <line num="73" count="31" type="cond" truecount="1" falsecount="0"/>
      <line num="74" count="13" type="stmt"/>
      <line num="75" count="13" type="stmt"/>
      <line num="76" count="13" type="stmt"/>
      <line num="77" count="13" type="stmt"/>
      <line num="78" count="13" type="cond" truecount="1" falsecount="0"/>
      <line num="79" count="13" type="cond" truecount="1" falsecount="0"/>
      <line num="80" count="13" type="stmt"/>
      <line num="81" count="13" type="stmt"/>
      <line num="82" count="31" type="stmt"/>
      <line num="83" count="32" type="stmt"/>
      <line num="84" count="32" type="stmt"/>
      <line num="85" count="32" type="stmt"/>
      <line num="86" count="32" type="stmt"/>
      <line num="87" count="32" type="stmt"/>
      <line num="88" count="32" type="cond" truecount="1" falsecount="0"/>
      <line num="89" count="7" type="stmt"/>
      <line num="90" count="7" type="stmt"/>
      <line num="91" count="7" type="stmt"/>
      <line num="92" count="7" type="stmt"/>
      <line num="93" count="7" type="stmt"/>
      <line num="94" count="7" type="cond" truecount="1" falsecount="0"/>
      <line num="95" count="7" type="stmt"/>
      <line num="96" count="7" type="cond" truecount="1" falsecount="0"/>
      <line num="97" count="7" type="stmt"/>
      <line num="98" count="32" type="stmt"/>
      <line num="99" count="32" type="stmt"/>
      <line num="100" count="32" type="stmt"/>
      <line num="101" count="32" type="stmt"/>
      <line num="102" count="32" type="stmt"/>
      <line num="103" count="32" type="stmt"/>
      <line num="104" count="1" type="stmt"/>
      <line num="105" count="1" type="stmt"/>
    </file>
  </project>
</coverage>
