{"/home/pedro/Documentos/patterns/todo-tdd/src/App.tsx": {"path":"/home/pedro/Documentos/patterns/todo-tdd/src/App.tsx","all":false,"statementMap":{"0":{"start":{"line":1,"column":0},"end":{"line":1,"column":43}},"1":{"start":{"line":2,"column":0},"end":{"line":2,"column":0}},"2":{"start":{"line":3,"column":0},"end":{"line":3,"column":16}},"3":{"start":{"line":4,"column":0},"end":{"line":4,"column":51}},"4":{"start":{"line":5,"column":0},"end":{"line":5,"column":57}},"5":{"start":{"line":6,"column":0},"end":{"line":6,"column":49}},"6":{"start":{"line":7,"column":0},"end":{"line":7,"column":0}},"7":{"start":{"line":8,"column":0},"end":{"line":8,"column":55}},"8":{"start":{"line":9,"column":0},"end":{"line":9,"column":60}},"9":{"start":{"line":10,"column":0},"end":{"line":10,"column":53}},"10":{"start":{"line":11,"column":0},"end":{"line":11,"column":0}},"11":{"start":{"line":12,"column":0},"end":{"line":12,"column":42}},"12":{"start":{"line":13,"column":0},"end":{"line":13,"column":27}},"13":{"start":{"line":14,"column":0},"end":{"line":14,"column":2}},"14":{"start":{"line":15,"column":0},"end":{"line":15,"column":20}},"15":{"start":{"line":16,"column":0},"end":{"line":16,"column":53}},"16":{"start":{"line":17,"column":0},"end":{"line":17,"column":13}},"17":{"start":{"line":18,"column":0},"end":{"line":18,"column":5}},"18":{"start":{"line":19,"column":0},"end":{"line":19,"column":0}},"19":{"start":{"line":20,"column":0},"end":{"line":20,"column":35}},"20":{"start":{"line":21,"column":0},"end":{"line":21,"column":19}},"21":{"start":{"line":22,"column":0},"end":{"line":22,"column":22}},"22":{"start":{"line":23,"column":0},"end":{"line":23,"column":3}},"23":{"start":{"line":24,"column":0},"end":{"line":24,"column":0}},"24":{"start":{"line":25,"column":0},"end":{"line":25,"column":41}},"25":{"start":{"line":26,"column":0},"end":{"line":26,"column":60}},"26":{"start":{"line":27,"column":0},"end":{"line":27,"column":21}},"27":{"start":{"line":28,"column":0},"end":{"line":28,"column":3}},"28":{"start":{"line":29,"column":0},"end":{"line":29,"column":0}},"29":{"start":{"line":30,"column":0},"end":{"line":30,"column":44}},"30":{"start":{"line":31,"column":0},"end":{"line":31,"column":20}},"31":{"start":{"line":32,"column":0},"end":{"line":32,"column":28}},"32":{"start":{"line":33,"column":0},"end":{"line":33,"column":24}},"33":{"start":{"line":34,"column":0},"end":{"line":34,"column":3}},"34":{"start":{"line":35,"column":0},"end":{"line":35,"column":0}},"35":{"start":{"line":36,"column":0},"end":{"line":36,"column":26}},"36":{"start":{"line":37,"column":0},"end":{"line":37,"column":0}},"37":{"start":{"line":38,"column":0},"end":{"line":38,"column":21}},"38":{"start":{"line":39,"column":0},"end":{"line":39,"column":49}},"39":{"start":{"line":40,"column":0},"end":{"line":40,"column":13}},"40":{"start":{"line":41,"column":0},"end":{"line":41,"column":5}},"41":{"start":{"line":42,"column":0},"end":{"line":42,"column":0}},"42":{"start":{"line":43,"column":0},"end":{"line":43,"column":40}},"43":{"start":{"line":44,"column":0},"end":{"line":44,"column":30}},"44":{"start":{"line":45,"column":0},"end":{"line":45,"column":18}},"45":{"start":{"line":46,"column":0},"end":{"line":46,"column":22}},"46":{"start":{"line":47,"column":0},"end":{"line":47,"column":3}},"47":{"start":{"line":48,"column":0},"end":{"line":48,"column":0}},"48":{"start":{"line":49,"column":0},"end":{"line":49,"column":10}},"49":{"start":{"line":50,"column":0},"end":{"line":50,"column":9}},"50":{"start":{"line":51,"column":0},"end":{"line":51,"column":14}},"51":{"start":{"line":52,"column":0},"end":{"line":52,"column":26}},"52":{"start":{"line":53,"column":0},"end":{"line":53,"column":15}},"53":{"start":{"line":54,"column":0},"end":{"line":54,"column":12}},"54":{"start":{"line":55,"column":0},"end":{"line":55,"column":38}},"55":{"start":{"line":56,"column":0},"end":{"line":56,"column":17}},"56":{"start":{"line":57,"column":0},"end":{"line":57,"column":24}},"57":{"start":{"line":58,"column":0},"end":{"line":58,"column":44}},"58":{"start":{"line":59,"column":0},"end":{"line":59,"column":30}},"59":{"start":{"line":60,"column":0},"end":{"line":60,"column":67}},"60":{"start":{"line":61,"column":0},"end":{"line":61,"column":12}},"61":{"start":{"line":62,"column":0},"end":{"line":62,"column":45}},"62":{"start":{"line":63,"column":0},"end":{"line":63,"column":15}},"63":{"start":{"line":64,"column":0},"end":{"line":64,"column":22}},"64":{"start":{"line":65,"column":0},"end":{"line":65,"column":19}},"65":{"start":{"line":66,"column":0},"end":{"line":66,"column":28}},"66":{"start":{"line":67,"column":0},"end":{"line":67,"column":20}},"67":{"start":{"line":68,"column":0},"end":{"line":68,"column":9}},"68":{"start":{"line":69,"column":0},"end":{"line":69,"column":9}},"69":{"start":{"line":70,"column":0},"end":{"line":70,"column":17}},"70":{"start":{"line":71,"column":0},"end":{"line":71,"column":33}},"71":{"start":{"line":72,"column":0},"end":{"line":72,"column":22}},"72":{"start":{"line":73,"column":0},"end":{"line":73,"column":34}},"73":{"start":{"line":74,"column":0},"end":{"line":74,"column":22}},"74":{"start":{"line":75,"column":0},"end":{"line":75,"column":45}},"75":{"start":{"line":76,"column":0},"end":{"line":76,"column":33}},"76":{"start":{"line":77,"column":0},"end":{"line":77,"column":25}},"77":{"start":{"line":78,"column":0},"end":{"line":78,"column":80}},"78":{"start":{"line":79,"column":0},"end":{"line":79,"column":83}},"79":{"start":{"line":80,"column":0},"end":{"line":80,"column":26}},"80":{"start":{"line":81,"column":0},"end":{"line":81,"column":23}},"81":{"start":{"line":82,"column":0},"end":{"line":82,"column":18}},"82":{"start":{"line":83,"column":0},"end":{"line":83,"column":15}},"83":{"start":{"line":84,"column":0},"end":{"line":84,"column":13}},"84":{"start":{"line":85,"column":0},"end":{"line":85,"column":15}},"85":{"start":{"line":86,"column":0},"end":{"line":86,"column":18}},"86":{"start":{"line":87,"column":0},"end":{"line":87,"column":9}},"87":{"start":{"line":88,"column":0},"end":{"line":88,"column":21}},"88":{"start":{"line":89,"column":0},"end":{"line":89,"column":20}},"89":{"start":{"line":90,"column":0},"end":{"line":90,"column":21}},"90":{"start":{"line":91,"column":0},"end":{"line":91,"column":28}},"91":{"start":{"line":92,"column":0},"end":{"line":92,"column":36}},"92":{"start":{"line":93,"column":0},"end":{"line":93,"column":49}},"93":{"start":{"line":94,"column":0},"end":{"line":94,"column":65}},"94":{"start":{"line":95,"column":0},"end":{"line":95,"column":16}},"95":{"start":{"line":96,"column":0},"end":{"line":96,"column":73}},"96":{"start":{"line":97,"column":0},"end":{"line":97,"column":21}},"97":{"start":{"line":98,"column":0},"end":{"line":98,"column":11}},"98":{"start":{"line":99,"column":0},"end":{"line":99,"column":9}},"99":{"start":{"line":100,"column":0},"end":{"line":100,"column":13}},"100":{"start":{"line":101,"column":0},"end":{"line":101,"column":10}},"101":{"start":{"line":102,"column":0},"end":{"line":102,"column":3}},"102":{"start":{"line":103,"column":0},"end":{"line":103,"column":1}},"103":{"start":{"line":104,"column":0},"end":{"line":104,"column":0}},"104":{"start":{"line":105,"column":0},"end":{"line":105,"column":18}}},"s":{"0":1,"1":1,"2":32,"3":32,"4":32,"5":32,"6":32,"7":32,"8":32,"9":32,"10":32,"11":32,"12":7,"13":7,"14":7,"15":1,"16":1,"17":1,"18":6,"19":6,"20":6,"21":6,"22":7,"23":32,"24":32,"25":1,"26":1,"27":1,"28":32,"29":32,"30":3,"31":3,"32":3,"33":3,"34":32,"35":32,"36":2,"37":2,"38":1,"39":1,"40":1,"41":1,"42":1,"43":1,"44":1,"45":1,"46":2,"47":32,"48":32,"49":32,"50":32,"51":32,"52":32,"53":32,"54":32,"55":32,"56":32,"57":32,"58":32,"59":32,"60":32,"61":32,"62":32,"63":32,"64":2,"65":2,"66":2,"67":32,"68":32,"69":32,"70":32,"71":32,"72":31,"73":13,"74":13,"75":13,"76":13,"77":13,"78":13,"79":13,"80":13,"81":31,"82":32,"83":32,"84":32,"85":32,"86":32,"87":32,"88":7,"89":7,"90":7,"91":7,"92":7,"93":7,"94":7,"95":7,"96":7,"97":32,"98":32,"99":32,"100":32,"101":32,"102":32,"103":1,"104":1},"branchMap":{"0":{"type":"branch","line":3,"loc":{"start":{"line":3,"column":0},"end":{"line":103,"column":1}},"locations":[{"start":{"line":3,"column":0},"end":{"line":103,"column":1}}]},"1":{"type":"branch","line":64,"loc":{"start":{"line":64,"column":10},"end":{"line":67,"column":20}},"locations":[{"start":{"line":64,"column":10},"end":{"line":67,"column":20}}]},"2":{"type":"branch","line":72,"loc":{"start":{"line":72,"column":14},"end":{"line":82,"column":18}},"locations":[{"start":{"line":72,"column":14},"end":{"line":82,"column":18}}]},"3":{"type":"branch","line":88,"loc":{"start":{"line":88,"column":10},"end":{"line":97,"column":21}},"locations":[{"start":{"line":88,"column":10},"end":{"line":97,"column":21}}]},"4":{"type":"branch","line":12,"loc":{"start":{"line":12,"column":2},"end":{"line":23,"column":3}},"locations":[{"start":{"line":12,"column":2},"end":{"line":23,"column":3}}]},"5":{"type":"branch","line":15,"loc":{"start":{"line":15,"column":19},"end":{"line":18,"column":5}},"locations":[{"start":{"line":15,"column":19},"end":{"line":18,"column":5}}]},"6":{"type":"branch","line":18,"loc":{"start":{"line":18,"column":4},"end":{"line":22,"column":22}},"locations":[{"start":{"line":18,"column":4},"end":{"line":22,"column":22}}]},"7":{"type":"branch","line":25,"loc":{"start":{"line":25,"column":2},"end":{"line":28,"column":3}},"locations":[{"start":{"line":25,"column":2},"end":{"line":28,"column":3}}]},"8":{"type":"branch","line":26,"loc":{"start":{"line":26,"column":32},"end":{"line":26,"column":58}},"locations":[{"start":{"line":26,"column":32},"end":{"line":26,"column":58}}]},"9":{"type":"branch","line":30,"loc":{"start":{"line":30,"column":2},"end":{"line":34,"column":3}},"locations":[{"start":{"line":30,"column":2},"end":{"line":34,"column":3}}]},"10":{"type":"branch","line":36,"loc":{"start":{"line":36,"column":2},"end":{"line":47,"column":3}},"locations":[{"start":{"line":36,"column":2},"end":{"line":47,"column":3}}]},"11":{"type":"branch","line":38,"loc":{"start":{"line":38,"column":20},"end":{"line":46,"column":22}},"locations":[{"start":{"line":38,"column":20},"end":{"line":46,"column":22}}]},"12":{"type":"branch","line":60,"loc":{"start":{"line":60,"column":22},"end":{"line":60,"column":67}},"locations":[{"start":{"line":60,"column":22},"end":{"line":60,"column":67}}]},"13":{"type":"branch","line":73,"loc":{"start":{"line":73,"column":25},"end":{"line":81,"column":23}},"locations":[{"start":{"line":73,"column":25},"end":{"line":81,"column":23}}]},"14":{"type":"branch","line":78,"loc":{"start":{"line":78,"column":39},"end":{"line":78,"column":65}},"locations":[{"start":{"line":78,"column":39},"end":{"line":78,"column":65}}]},"15":{"type":"branch","line":79,"loc":{"start":{"line":79,"column":39},"end":{"line":79,"column":68}},"locations":[{"start":{"line":79,"column":39},"end":{"line":79,"column":68}}]},"16":{"type":"branch","line":94,"loc":{"start":{"line":94,"column":26},"end":{"line":94,"column":65}},"locations":[{"start":{"line":94,"column":26},"end":{"line":94,"column":65}}]},"17":{"type":"branch","line":96,"loc":{"start":{"line":96,"column":31},"end":{"line":96,"column":53}},"locations":[{"start":{"line":96,"column":31},"end":{"line":96,"column":53}}]}},"b":{"0":[32],"1":[2],"2":[31],"3":[7],"4":[7],"5":[1],"6":[6],"7":[1],"8":[1],"9":[3],"10":[2],"11":[1],"12":[6],"13":[13],"14":[1],"15":[3],"16":[2],"17":[2]},"fnMap":{"0":{"name":"App","decl":{"start":{"line":3,"column":0},"end":{"line":103,"column":1}},"loc":{"start":{"line":3,"column":0},"end":{"line":103,"column":1}},"line":3},"1":{"name":"handleSubmit","decl":{"start":{"line":12,"column":2},"end":{"line":23,"column":3}},"loc":{"start":{"line":12,"column":2},"end":{"line":23,"column":3}},"line":12},"2":{"name":"handleDelete","decl":{"start":{"line":25,"column":2},"end":{"line":28,"column":3}},"loc":{"start":{"line":25,"column":2},"end":{"line":28,"column":3}},"line":25},"3":{"name":"openUpdateModal","decl":{"start":{"line":30,"column":2},"end":{"line":34,"column":3}},"loc":{"start":{"line":30,"column":2},"end":{"line":34,"column":3}},"line":30},"4":{"name":"handleUpdate","decl":{"start":{"line":36,"column":2},"end":{"line":47,"column":3}},"loc":{"start":{"line":36,"column":2},"end":{"line":47,"column":3}},"line":36},"5":{"name":"onChange","decl":{"start":{"line":60,"column":22},"end":{"line":60,"column":67}},"loc":{"start":{"line":60,"column":22},"end":{"line":60,"column":67}},"line":60},"6":{"name":"onClick","decl":{"start":{"line":78,"column":39},"end":{"line":78,"column":65}},"loc":{"start":{"line":78,"column":39},"end":{"line":78,"column":65}},"line":78},"7":{"name":"onClick","decl":{"start":{"line":79,"column":39},"end":{"line":79,"column":68}},"loc":{"start":{"line":79,"column":39},"end":{"line":79,"column":68}},"line":79},"8":{"name":"onChange","decl":{"start":{"line":94,"column":26},"end":{"line":94,"column":65}},"loc":{"start":{"line":94,"column":26},"end":{"line":94,"column":65}},"line":94},"9":{"name":"onClick","decl":{"start":{"line":96,"column":31},"end":{"line":96,"column":53}},"loc":{"start":{"line":96,"column":31},"end":{"line":96,"column":53}},"line":96}},"f":{"0":32,"1":7,"2":1,"3":3,"4":2,"5":6,"6":1,"7":3,"8":2,"9":2}}
}
